[32m[Nest] 3771  - [39m08/24/2025, 4:47:21 PM [32m    LOG[39m [38;5;3m[NestFactory] [39m[32mStarting Nest application...[39m
[32m[Nest] 3771  - [39m08/24/2025, 4:47:21 PM [32m    LOG[39m [38;5;3m[InstanceLoader] [39m[32mAuthModule dependencies initialized[39m[38;5;3m +12ms[39m
[32m[Nest] 3771  - [39m08/24/2025, 4:47:21 PM [32m    LOG[39m [38;5;3m[InstanceLoader] [39m[32mAppModule dependencies initialized[39m[38;5;3m +1ms[39m
[32m[Nest] 3771  - [39m08/24/2025, 4:47:21 PM [32m    LOG[39m [38;5;3m[InstanceLoader] [39m[32mBooksModule dependencies initialized[39m[38;5;3m +0ms[39m
[32m[Nest] 3771  - [39m08/24/2025, 4:47:21 PM [32m    LOG[39m [38;5;3m[InstanceLoader] [39m[32mReadingModule dependencies initialized[39m[38;5;3m +1ms[39m
[32m[Nest] 3771  - [39m08/24/2025, 4:47:21 PM [32m    LOG[39m [38;5;3m[InstanceLoader] [39m[32mUsersModule dependencies initialized[39m[38;5;3m +0ms[39m
[32m[Nest] 3771  - [39m08/24/2025, 4:47:21 PM [32m    LOG[39m [38;5;3m[InstanceLoader] [39m[32mFriendsModule dependencies initialized[39m[38;5;3m +0ms[39m
[32m[Nest] 3771  - [39m08/24/2025, 4:47:21 PM [32m    LOG[39m [38;5;3m[RoutesResolver] [39m[32mAppController {/api}:[39m[38;5;3m +4ms[39m
[32m[Nest] 3771  - [39m08/24/2025, 4:47:21 PM [32m    LOG[39m [38;5;3m[RouterExplorer] [39m[32mMapped {/api/hello, GET} route[39m[38;5;3m +2ms[39m
[32m[Nest] 3771  - [39m08/24/2025, 4:47:21 PM [32m    LOG[39m [38;5;3m[RoutesResolver] [39m[32mAdminController {/admin}:[39m[38;5;3m +1ms[39m
[32m[Nest] 3771  - [39m08/24/2025, 4:47:21 PM [32m    LOG[39m [38;5;3m[RouterExplorer] [39m[32mMapped {/admin/logs, GET} route[39m[38;5;3m +0ms[39m
[32m[Nest] 3771  - [39m08/24/2025, 4:47:21 PM [32m    LOG[39m [38;5;3m[RoutesResolver] [39m[32mUsersController {/users}:[39m[38;5;3m +0ms[39m
[32m[Nest] 3771  - [39m08/24/2025, 4:47:21 PM [32m    LOG[39m [38;5;3m[RouterExplorer] [39m[32mMapped {/users, GET} route[39m[38;5;3m +1ms[39m
[32m[Nest] 3771  - [39m08/24/2025, 4:47:21 PM [32m    LOG[39m [38;5;3m[RouterExplorer] [39m[32mMapped {/users/:id, GET} route[39m[38;5;3m +0ms[39m
[32m[Nest] 3771  - [39m08/24/2025, 4:47:21 PM [32m    LOG[39m [38;5;3m[RouterExplorer] [39m[32mMapped {/users, POST} route[39m[38;5;3m +0ms[39m
[32m[Nest] 3771  - [39m08/24/2025, 4:47:21 PM [32m    LOG[39m [38;5;3m[RouterExplorer] [39m[32mMapped {/users/:id, PATCH} route[39m[38;5;3m +0ms[39m
[32m[Nest] 3771  - [39m08/24/2025, 4:47:21 PM [32m    LOG[39m [38;5;3m[RouterExplorer] [39m[32mMapped {/users/:id, DELETE} route[39m[38;5;3m +1ms[39m
[32m[Nest] 3771  - [39m08/24/2025, 4:47:21 PM [32m    LOG[39m [38;5;3m[RouterExplorer] [39m[32mMapped {/users/:id/friends, GET} route[39m[38;5;3m +0ms[39m
[32m[Nest] 3771  - [39m08/24/2025, 4:47:21 PM [32m    LOG[39m [38;5;3m[RouterExplorer] [39m[32mMapped {/users/:id/stats, GET} route[39m[38;5;3m +0ms[39m
[32m[Nest] 3771  - [39m08/24/2025, 4:47:21 PM [32m    LOG[39m [38;5;3m[RoutesResolver] [39m[32mReadingController {/reading}:[39m[38;5;3m +0ms[39m
[32m[Nest] 3771  - [39m08/24/2025, 4:47:21 PM [32m    LOG[39m [38;5;3m[RouterExplorer] [39m[32mMapped {/reading/progress, PATCH} route[39m[38;5;3m +1ms[39m
[32m[Nest] 3771  - [39m08/24/2025, 4:47:21 PM [32m    LOG[39m [38;5;3m[RouterExplorer] [39m[32mMapped {/reading/progress/:bookId, GET} route[39m[38;5;3m +0ms[39m
[32m[Nest] 3771  - [39m08/24/2025, 4:47:21 PM [32m    LOG[39m [38;5;3m[RouterExplorer] [39m[32mMapped {/reading/shelf, GET} route[39m[38;5;3m +0ms[39m
[32m[Nest] 3771  - [39m08/24/2025, 4:47:21 PM [32m    LOG[39m [38;5;3m[RoutesResolver] [39m[32mBooksController {/books}:[39m[38;5;3m +0ms[39m
[32m[Nest] 3771  - [39m08/24/2025, 4:47:21 PM [32m    LOG[39m [38;5;3m[RouterExplorer] [39m[32mMapped {/books, POST} route[39m[38;5;3m +0ms[39m
[32m[Nest] 3771  - [39m08/24/2025, 4:47:21 PM [32m    LOG[39m [38;5;3m[RouterExplorer] [39m[32mMapped {/books, GET} route[39m[38;5;3m +0ms[39m
[32m[Nest] 3771  - [39m08/24/2025, 4:47:21 PM [32m    LOG[39m [38;5;3m[RouterExplorer] [39m[32mMapped {/books/:id, GET} route[39m[38;5;3m +1ms[39m
[32m[Nest] 3771  - [39m08/24/2025, 4:47:21 PM [32m    LOG[39m [38;5;3m[RouterExplorer] [39m[32mMapped {/books/:id/stats, GET} route[39m[38;5;3m +0ms[39m
[32m[Nest] 3771  - [39m08/24/2025, 4:47:21 PM [32m    LOG[39m [38;5;3m[RouterExplorer] [39m[32mMapped {/books/:id, PATCH} route[39m[38;5;3m +0ms[39m
[32m[Nest] 3771  - [39m08/24/2025, 4:47:21 PM [32m    LOG[39m [38;5;3m[RouterExplorer] [39m[32mMapped {/books/:id, DELETE} route[39m[38;5;3m +0ms[39m
[32m[Nest] 3771  - [39m08/24/2025, 4:47:21 PM [32m    LOG[39m [38;5;3m[RoutesResolver] [39m[32mAuthController {/auth}:[39m[38;5;3m +0ms[39m
[32m[Nest] 3771  - [39m08/24/2025, 4:47:21 PM [32m    LOG[39m [38;5;3m[RouterExplorer] [39m[32mMapped {/auth/register, POST} route[39m[38;5;3m +0ms[39m
[32m[Nest] 3771  - [39m08/24/2025, 4:47:21 PM [32m    LOG[39m [38;5;3m[RouterExplorer] [39m[32mMapped {/auth/login, POST} route[39m[38;5;3m +1ms[39m
[32m[Nest] 3771  - [39m08/24/2025, 4:47:21 PM [32m    LOG[39m [38;5;3m[RoutesResolver] [39m[32mFriendsController {/friends}:[39m[38;5;3m +0ms[39m
[32m[Nest] 3771  - [39m08/24/2025, 4:47:21 PM [32m    LOG[39m [38;5;3m[RouterExplorer] [39m[32mMapped {/friends/request, POST} route[39m[38;5;3m +0ms[39m
[32m[Nest] 3771  - [39m08/24/2025, 4:47:21 PM [32m    LOG[39m [38;5;3m[RouterExplorer] [39m[32mMapped {/friends/requests, GET} route[39m[38;5;3m +0ms[39m
[32m[Nest] 3771  - [39m08/24/2025, 4:47:21 PM [32m    LOG[39m [38;5;3m[RouterExplorer] [39m[32mMapped {/friends/requests/:requestId, PATCH} route[39m[38;5;3m +0ms[39m
[32m[Nest] 3771  - [39m08/24/2025, 4:47:21 PM [32m    LOG[39m [38;5;3m[RouterExplorer] [39m[32mMapped {/friends/:friendId/progress, GET} route[39m[38;5;3m +0ms[39m
[32m[Nest] 3771  - [39m08/24/2025, 4:47:21 PM [32m    LOG[39m [38;5;3m[NestApplication] [39m[32mNest application successfully started[39m[38;5;3m +2ms[39m
[31m[Nest] 3771  - [39m08/24/2025, 4:47:21 PM [31m  ERROR[39m [38;5;3m[NestApplication] [39m[31mError: listen EADDRINUSE: address already in use :::3000[39m[38;5;3m +2ms[39m
node:net:1937
    const ex = new UVExceptionWithHostPort(err, 'listen', address, port);
               ^

Error: listen EADDRINUSE: address already in use :::3000
    at Server.setupListenHandle [as _listen2] (node:net:1937:16)
    at listenInCluster (node:net:1994:12)
    at Server.listen (node:net:2099:7)
    at ExpressAdapter.listen (/usercode/FILESYSTEM/node_modules/@nestjs/platform-express/adapters/express-adapter.js:95:32)
    at /usercode/FILESYSTEM/node_modules/@nestjs/core/nest-application.js:183:30
    at new Promise (<anonymous>)
    at NestApplication.listen (/usercode/FILESYSTEM/node_modules/@nestjs/core/nest-application.js:173:16)
    at async bootstrap (/usercode/FILESYSTEM/dist/main.js:29:5) {
  code: 'EADDRINUSE',
  errno: -98,
  syscall: 'listen',
  address: '::',
  port: 3000
}

Node.js v22.13.1
